2024-12-06T15:40:08.830-05:00  INFO 15880 --- [Synergy-Back-End] [Test worker] e.k.appdomain.FinanceApplicationTests    : Starting FinanceApplicationTests using Java 21.0.5 with PID 15880 (started by adamgreene in /Users/adamgreene/IdeaProjects/Synergy-Accounting-Back)
2024-12-06T15:40:08.852-05:00  INFO 15880 --- [Synergy-Back-End] [Test worker] e.k.appdomain.FinanceApplicationTests    : No active profile set, falling back to 1 default profile: "default"
2024-12-06T15:40:08.915-05:00 DEBUG 15880 --- [Synergy-Back-End] [Test worker] o.s.w.c.s.GenericWebApplicationContext   : Refreshing org.springframework.web.context.support.GenericWebApplicationContext@6f952d6c
2024-12-06T15:40:10.171-05:00  INFO 15880 --- [Synergy-Back-End] [Test worker] .s.d.r.c.RepositoryConfigurationDelegate : Bootstrapping Spring Data JPA repositories in DEFAULT mode.
2024-12-06T15:40:10.358-05:00  INFO 15880 --- [Synergy-Back-End] [Test worker] .s.d.r.c.RepositoryConfigurationDelegate : Finished Spring Data repository scanning in 173 ms. Found 14 JPA repository interfaces.
2024-12-06T15:40:11.266-05:00  INFO 15880 --- [Synergy-Back-End] [Test worker] o.hibernate.jpa.internal.util.LogHelper  : HHH000204: Processing PersistenceUnitInfo [name: default]
2024-12-06T15:40:11.339-05:00  INFO 15880 --- [Synergy-Back-End] [Test worker] org.hibernate.Version                    : HHH000412: Hibernate ORM core version 6.5.2.Final
2024-12-06T15:40:11.385-05:00  INFO 15880 --- [Synergy-Back-End] [Test worker] o.h.c.internal.RegionFactoryInitiator    : HHH000026: Second-level cache disabled
2024-12-06T15:40:11.838-05:00  INFO 15880 --- [Synergy-Back-End] [Test worker] o.s.o.j.p.SpringPersistenceUnitInfo      : No LoadTimeWeaver setup: ignoring JPA class transformer
2024-12-06T15:40:11.874-05:00  INFO 15880 --- [Synergy-Back-End] [Test worker] com.zaxxer.hikari.HikariDataSource       : HikariPool-1 - Starting...
2024-12-06T15:40:13.300-05:00  INFO 15880 --- [Synergy-Back-End] [Test worker] com.zaxxer.hikari.pool.HikariPool        : HikariPool-1 - Added connection com.mysql.cj.jdbc.ConnectionImpl@1d1b3620
2024-12-06T15:40:13.306-05:00  INFO 15880 --- [Synergy-Back-End] [Test worker] com.zaxxer.hikari.HikariDataSource       : HikariPool-1 - Start completed.
2024-12-06T15:40:13.404-05:00  WARN 15880 --- [Synergy-Back-End] [Test worker] org.hibernate.orm.deprecation            : HHH90000025: MySQL8Dialect does not need to be specified explicitly using 'hibernate.dialect' (remove the property setting and it will be selected by default)
2024-12-06T15:40:13.409-05:00  WARN 15880 --- [Synergy-Back-End] [Test worker] org.hibernate.orm.deprecation            : HHH90000026: MySQL8Dialect has been deprecated; use org.hibernate.dialect.MySQLDialect instead
2024-12-06T15:40:16.273-05:00  INFO 15880 --- [Synergy-Back-End] [Test worker] o.h.e.t.j.p.i.JtaPlatformInitiator       : HHH000489: No JTA platform available (set 'hibernate.transaction.jta.platform' to enable JTA platform integration)
2024-12-06T15:40:16.278-05:00  INFO 15880 --- [Synergy-Back-End] [Test worker] j.LocalContainerEntityManagerFactoryBean : Initialized JPA EntityManagerFactory for persistence unit 'default'
2024-12-06T15:40:16.803-05:00  INFO 15880 --- [Synergy-Back-End] [Test worker] o.s.d.j.r.query.QueryEnhancerFactory     : Hibernate is in classpath; If applicable, HQL parser will be used.
2024-12-06T15:40:18.526-05:00  INFO 15880 --- [Synergy-Back-End] [Test worker] r$InitializeUserDetailsManagerConfigurer : Global AuthenticationManager configured with UserDetailsService bean with name synergyUserDetailsService
2024-12-06T15:40:18.616-05:00  WARN 15880 --- [Synergy-Back-End] [Test worker] JpaBaseConfiguration$JpaWebConfiguration : spring.jpa.open-in-view is enabled by default. Therefore, database queries may be performed during view rendering. Explicitly configure spring.jpa.open-in-view to disable this warning
2024-12-06T15:40:18.971-05:00 DEBUG 15880 --- [Synergy-Back-End] [Test worker] s.w.s.m.m.a.RequestMappingHandlerMapping : 63 mappings in 'requestMappingHandlerMapping'
2024-12-06T15:40:19.266-05:00 DEBUG 15880 --- [Synergy-Back-End] [Test worker] o.s.w.s.handler.SimpleUrlHandlerMapping  : Patterns [/webjars/**, /**] in 'resourceHandlerMapping'
2024-12-06T15:40:19.370-05:00 DEBUG 15880 --- [Synergy-Back-End] [Test worker] o.s.s.web.DefaultSecurityFilterChain     : Will secure any request with filters: DisableEncodeUrlFilter, WebAsyncManagerIntegrationFilter, SecurityContextHolderFilter, HeaderWriterFilter, CsrfFilter, LogoutFilter, SessionDebugFilter, RequestCacheAwareFilter, SecurityContextHolderAwareRequestFilter, AnonymousAuthenticationFilter, SessionManagementFilter, ExceptionTranslationFilter, AuthorizationFilter
2024-12-06T15:40:19.693-05:00 DEBUG 15880 --- [Synergy-Back-End] [Test worker] s.w.s.m.m.a.RequestMappingHandlerAdapter : ControllerAdvice beans: 0 @ModelAttribute, 0 @InitBinder, 1 RequestBodyAdvice, 1 ResponseBodyAdvice
2024-12-06T15:40:19.749-05:00 DEBUG 15880 --- [Synergy-Back-End] [Test worker] .m.m.a.ExceptionHandlerExceptionResolver : ControllerAdvice beans: 0 @ExceptionHandler, 1 ResponseBodyAdvice
2024-12-06T15:40:19.974-05:00  INFO 15880 --- [Synergy-Back-End] [Test worker] e.k.appdomain.FinanceApplicationTests    : Started FinanceApplicationTests in 11.549 seconds (process running for 13.663)
2024-12-06T15:40:20.944-05:00 DEBUG 15880 --- [Synergy-Back-End] [SpringApplicationShutdownHook] o.s.w.c.s.GenericWebApplicationContext   : Closing org.springframework.web.context.support.GenericWebApplicationContext@6f952d6c, started on Fri Dec 06 15:40:08 EST 2024
2024-12-06T15:40:20.953-05:00  INFO 15880 --- [Synergy-Back-End] [SpringApplicationShutdownHook] j.LocalContainerEntityManagerFactoryBean : Closing JPA EntityManagerFactory for persistence unit 'default'
2024-12-06T15:40:20.957-05:00  INFO 15880 --- [Synergy-Back-End] [SpringApplicationShutdownHook] com.zaxxer.hikari.HikariDataSource       : HikariPool-1 - Shutdown initiated...
2024-12-06T15:40:20.973-05:00  INFO 15880 --- [Synergy-Back-End] [SpringApplicationShutdownHook] com.zaxxer.hikari.HikariDataSource       : HikariPool-1 - Shutdown completed.
2024-12-06T16:17:24.185-05:00  INFO 16313 --- [Synergy-Back-End] [Test worker] e.k.appdomain.FinanceApplicationTests    : Starting FinanceApplicationTests using Java 21.0.5 with PID 16313 (started by adamgreene in /Users/adamgreene/IdeaProjects/Synergy-Accounting-Back)
2024-12-06T16:17:24.198-05:00  INFO 16313 --- [Synergy-Back-End] [Test worker] e.k.appdomain.FinanceApplicationTests    : No active profile set, falling back to 1 default profile: "default"
2024-12-06T16:17:24.378-05:00 DEBUG 16313 --- [Synergy-Back-End] [Test worker] o.s.w.c.s.GenericWebApplicationContext   : Refreshing org.springframework.web.context.support.GenericWebApplicationContext@6f952d6c
2024-12-06T16:17:26.234-05:00  INFO 16313 --- [Synergy-Back-End] [Test worker] .s.d.r.c.RepositoryConfigurationDelegate : Bootstrapping Spring Data JPA repositories in DEFAULT mode.
2024-12-06T16:17:26.412-05:00  INFO 16313 --- [Synergy-Back-End] [Test worker] .s.d.r.c.RepositoryConfigurationDelegate : Finished Spring Data repository scanning in 167 ms. Found 14 JPA repository interfaces.
2024-12-06T16:17:27.240-05:00  INFO 16313 --- [Synergy-Back-End] [Test worker] o.hibernate.jpa.internal.util.LogHelper  : HHH000204: Processing PersistenceUnitInfo [name: default]
2024-12-06T16:17:27.318-05:00  INFO 16313 --- [Synergy-Back-End] [Test worker] org.hibernate.Version                    : HHH000412: Hibernate ORM core version 6.5.2.Final
2024-12-06T16:17:27.374-05:00  INFO 16313 --- [Synergy-Back-End] [Test worker] o.h.c.internal.RegionFactoryInitiator    : HHH000026: Second-level cache disabled
2024-12-06T16:17:27.835-05:00  INFO 16313 --- [Synergy-Back-End] [Test worker] o.s.o.j.p.SpringPersistenceUnitInfo      : No LoadTimeWeaver setup: ignoring JPA class transformer
2024-12-06T16:17:27.887-05:00  INFO 16313 --- [Synergy-Back-End] [Test worker] com.zaxxer.hikari.HikariDataSource       : HikariPool-1 - Starting...
2024-12-06T16:17:28.971-05:00  INFO 16313 --- [Synergy-Back-End] [Test worker] com.zaxxer.hikari.pool.HikariPool        : HikariPool-1 - Added connection com.mysql.cj.jdbc.ConnectionImpl@5b23c1f6
2024-12-06T16:17:28.977-05:00  INFO 16313 --- [Synergy-Back-End] [Test worker] com.zaxxer.hikari.HikariDataSource       : HikariPool-1 - Start completed.
2024-12-06T16:17:29.062-05:00  WARN 16313 --- [Synergy-Back-End] [Test worker] org.hibernate.orm.deprecation            : HHH90000025: MySQL8Dialect does not need to be specified explicitly using 'hibernate.dialect' (remove the property setting and it will be selected by default)
2024-12-06T16:17:29.064-05:00  WARN 16313 --- [Synergy-Back-End] [Test worker] org.hibernate.orm.deprecation            : HHH90000026: MySQL8Dialect has been deprecated; use org.hibernate.dialect.MySQLDialect instead
2024-12-06T16:17:30.814-05:00  INFO 16313 --- [Synergy-Back-End] [Test worker] o.h.e.t.j.p.i.JtaPlatformInitiator       : HHH000489: No JTA platform available (set 'hibernate.transaction.jta.platform' to enable JTA platform integration)
2024-12-06T16:17:30.819-05:00  INFO 16313 --- [Synergy-Back-End] [Test worker] j.LocalContainerEntityManagerFactoryBean : Initialized JPA EntityManagerFactory for persistence unit 'default'
2024-12-06T16:17:31.256-05:00  INFO 16313 --- [Synergy-Back-End] [Test worker] o.s.d.j.r.query.QueryEnhancerFactory     : Hibernate is in classpath; If applicable, HQL parser will be used.
2024-12-06T16:17:32.599-05:00  INFO 16313 --- [Synergy-Back-End] [Test worker] r$InitializeUserDetailsManagerConfigurer : Global AuthenticationManager configured with UserDetailsService bean with name synergyUserDetailsService
2024-12-06T16:17:32.727-05:00  WARN 16313 --- [Synergy-Back-End] [Test worker] JpaBaseConfiguration$JpaWebConfiguration : spring.jpa.open-in-view is enabled by default. Therefore, database queries may be performed during view rendering. Explicitly configure spring.jpa.open-in-view to disable this warning
2024-12-06T16:17:32.969-05:00 DEBUG 16313 --- [Synergy-Back-End] [Test worker] s.w.s.m.m.a.RequestMappingHandlerMapping : 63 mappings in 'requestMappingHandlerMapping'
2024-12-06T16:17:33.154-05:00 DEBUG 16313 --- [Synergy-Back-End] [Test worker] o.s.w.s.handler.SimpleUrlHandlerMapping  : Patterns [/webjars/**, /**] in 'resourceHandlerMapping'
2024-12-06T16:17:33.228-05:00 DEBUG 16313 --- [Synergy-Back-End] [Test worker] o.s.s.web.DefaultSecurityFilterChain     : Will secure any request with filters: DisableEncodeUrlFilter, WebAsyncManagerIntegrationFilter, SecurityContextHolderFilter, HeaderWriterFilter, CsrfFilter, LogoutFilter, SessionDebugFilter, RequestCacheAwareFilter, SecurityContextHolderAwareRequestFilter, AnonymousAuthenticationFilter, SessionManagementFilter, ExceptionTranslationFilter, AuthorizationFilter
2024-12-06T16:17:33.486-05:00 DEBUG 16313 --- [Synergy-Back-End] [Test worker] s.w.s.m.m.a.RequestMappingHandlerAdapter : ControllerAdvice beans: 0 @ModelAttribute, 0 @InitBinder, 1 RequestBodyAdvice, 1 ResponseBodyAdvice
2024-12-06T16:17:33.532-05:00 DEBUG 16313 --- [Synergy-Back-End] [Test worker] .m.m.a.ExceptionHandlerExceptionResolver : ControllerAdvice beans: 0 @ExceptionHandler, 1 ResponseBodyAdvice
2024-12-06T16:17:33.792-05:00  INFO 16313 --- [Synergy-Back-End] [Test worker] e.k.appdomain.FinanceApplicationTests    : Started FinanceApplicationTests in 10.219 seconds (process running for 13.707)
2024-12-06T16:17:34.714-05:00 DEBUG 16313 --- [Synergy-Back-End] [SpringApplicationShutdownHook] o.s.w.c.s.GenericWebApplicationContext   : Closing org.springframework.web.context.support.GenericWebApplicationContext@6f952d6c, started on Fri Dec 06 16:17:24 EST 2024
2024-12-06T16:17:34.724-05:00  INFO 16313 --- [Synergy-Back-End] [SpringApplicationShutdownHook] j.LocalContainerEntityManagerFactoryBean : Closing JPA EntityManagerFactory for persistence unit 'default'
2024-12-06T16:17:34.730-05:00  INFO 16313 --- [Synergy-Back-End] [SpringApplicationShutdownHook] com.zaxxer.hikari.HikariDataSource       : HikariPool-1 - Shutdown initiated...
2024-12-06T16:17:34.740-05:00  INFO 16313 --- [Synergy-Back-End] [SpringApplicationShutdownHook] com.zaxxer.hikari.HikariDataSource       : HikariPool-1 - Shutdown completed.
2024-12-06T16:28:12.936-05:00  INFO 16544 --- [Synergy-Back-End] [Test worker] e.k.appdomain.FinanceApplicationTests    : Starting FinanceApplicationTests using Java 21.0.5 with PID 16544 (started by adamgreene in /Users/adamgreene/IdeaProjects/Synergy-Accounting-Back)
2024-12-06T16:28:12.965-05:00  INFO 16544 --- [Synergy-Back-End] [Test worker] e.k.appdomain.FinanceApplicationTests    : No active profile set, falling back to 1 default profile: "default"
2024-12-06T16:28:13.228-05:00 DEBUG 16544 --- [Synergy-Back-End] [Test worker] o.s.w.c.s.GenericWebApplicationContext   : Refreshing org.springframework.web.context.support.GenericWebApplicationContext@6f952d6c
2024-12-06T16:28:16.779-05:00  INFO 16544 --- [Synergy-Back-End] [Test worker] .s.d.r.c.RepositoryConfigurationDelegate : Bootstrapping Spring Data JPA repositories in DEFAULT mode.
2024-12-06T16:28:17.314-05:00  INFO 16544 --- [Synergy-Back-End] [Test worker] .s.d.r.c.RepositoryConfigurationDelegate : Finished Spring Data repository scanning in 477 ms. Found 14 JPA repository interfaces.
2024-12-06T16:28:19.944-05:00  INFO 16544 --- [Synergy-Back-End] [Test worker] o.hibernate.jpa.internal.util.LogHelper  : HHH000204: Processing PersistenceUnitInfo [name: default]
2024-12-06T16:28:20.091-05:00  INFO 16544 --- [Synergy-Back-End] [Test worker] org.hibernate.Version                    : HHH000412: Hibernate ORM core version 6.5.2.Final
2024-12-06T16:28:20.172-05:00  INFO 16544 --- [Synergy-Back-End] [Test worker] o.h.c.internal.RegionFactoryInitiator    : HHH000026: Second-level cache disabled
2024-12-06T16:28:21.044-05:00  INFO 16544 --- [Synergy-Back-End] [Test worker] o.s.o.j.p.SpringPersistenceUnitInfo      : No LoadTimeWeaver setup: ignoring JPA class transformer
2024-12-06T16:28:21.142-05:00  INFO 16544 --- [Synergy-Back-End] [Test worker] com.zaxxer.hikari.HikariDataSource       : HikariPool-1 - Starting...
2024-12-06T16:28:22.673-05:00  INFO 16544 --- [Synergy-Back-End] [Test worker] com.zaxxer.hikari.pool.HikariPool        : HikariPool-1 - Added connection com.mysql.cj.jdbc.ConnectionImpl@684b26b7
2024-12-06T16:28:22.679-05:00  INFO 16544 --- [Synergy-Back-End] [Test worker] com.zaxxer.hikari.HikariDataSource       : HikariPool-1 - Start completed.
2024-12-06T16:28:22.832-05:00  WARN 16544 --- [Synergy-Back-End] [Test worker] org.hibernate.orm.deprecation            : HHH90000025: MySQL8Dialect does not need to be specified explicitly using 'hibernate.dialect' (remove the property setting and it will be selected by default)
2024-12-06T16:28:22.838-05:00  WARN 16544 --- [Synergy-Back-End] [Test worker] org.hibernate.orm.deprecation            : HHH90000026: MySQL8Dialect has been deprecated; use org.hibernate.dialect.MySQLDialect instead
2024-12-06T16:28:27.510-05:00  INFO 16544 --- [Synergy-Back-End] [Test worker] o.h.e.t.j.p.i.JtaPlatformInitiator       : HHH000489: No JTA platform available (set 'hibernate.transaction.jta.platform' to enable JTA platform integration)
2024-12-06T16:28:27.526-05:00  INFO 16544 --- [Synergy-Back-End] [Test worker] j.LocalContainerEntityManagerFactoryBean : Initialized JPA EntityManagerFactory for persistence unit 'default'
2024-12-06T16:28:29.121-05:00  INFO 16544 --- [Synergy-Back-End] [Test worker] o.s.d.j.r.query.QueryEnhancerFactory     : Hibernate is in classpath; If applicable, HQL parser will be used.
2024-12-06T16:28:34.716-05:00  INFO 16544 --- [Synergy-Back-End] [Test worker] r$InitializeUserDetailsManagerConfigurer : Global AuthenticationManager configured with UserDetailsService bean with name synergyUserDetailsService
2024-12-06T16:28:34.902-05:00  WARN 16544 --- [Synergy-Back-End] [Test worker] JpaBaseConfiguration$JpaWebConfiguration : spring.jpa.open-in-view is enabled by default. Therefore, database queries may be performed during view rendering. Explicitly configure spring.jpa.open-in-view to disable this warning
2024-12-06T16:28:35.961-05:00 DEBUG 16544 --- [Synergy-Back-End] [Test worker] s.w.s.m.m.a.RequestMappingHandlerMapping : 63 mappings in 'requestMappingHandlerMapping'
2024-12-06T16:28:36.761-05:00 DEBUG 16544 --- [Synergy-Back-End] [Test worker] o.s.w.s.handler.SimpleUrlHandlerMapping  : Patterns [/webjars/**, /**] in 'resourceHandlerMapping'
2024-12-06T16:28:37.121-05:00 DEBUG 16544 --- [Synergy-Back-End] [Test worker] o.s.s.web.DefaultSecurityFilterChain     : Will secure any request with filters: DisableEncodeUrlFilter, WebAsyncManagerIntegrationFilter, SecurityContextHolderFilter, HeaderWriterFilter, CsrfFilter, LogoutFilter, SessionDebugFilter, RequestCacheAwareFilter, SecurityContextHolderAwareRequestFilter, AnonymousAuthenticationFilter, SessionManagementFilter, ExceptionTranslationFilter, AuthorizationFilter
2024-12-06T16:28:38.093-05:00 DEBUG 16544 --- [Synergy-Back-End] [Test worker] s.w.s.m.m.a.RequestMappingHandlerAdapter : ControllerAdvice beans: 0 @ModelAttribute, 0 @InitBinder, 1 RequestBodyAdvice, 1 ResponseBodyAdvice
2024-12-06T16:28:38.263-05:00 DEBUG 16544 --- [Synergy-Back-End] [Test worker] .m.m.a.ExceptionHandlerExceptionResolver : ControllerAdvice beans: 0 @ExceptionHandler, 1 ResponseBodyAdvice
2024-12-06T16:28:39.107-05:00  INFO 16544 --- [Synergy-Back-End] [Test worker] e.k.appdomain.FinanceApplicationTests    : Started FinanceApplicationTests in 27.118 seconds (process running for 32.456)
2024-12-06T16:28:41.159-05:00 DEBUG 16544 --- [Synergy-Back-End] [SpringApplicationShutdownHook] o.s.w.c.s.GenericWebApplicationContext   : Closing org.springframework.web.context.support.GenericWebApplicationContext@6f952d6c, started on Fri Dec 06 16:28:13 EST 2024
2024-12-06T16:28:41.172-05:00  INFO 16544 --- [Synergy-Back-End] [SpringApplicationShutdownHook] j.LocalContainerEntityManagerFactoryBean : Closing JPA EntityManagerFactory for persistence unit 'default'
2024-12-06T16:28:41.176-05:00  INFO 16544 --- [Synergy-Back-End] [SpringApplicationShutdownHook] com.zaxxer.hikari.HikariDataSource       : HikariPool-1 - Shutdown initiated...
2024-12-06T16:28:41.194-05:00  INFO 16544 --- [Synergy-Back-End] [SpringApplicationShutdownHook] com.zaxxer.hikari.HikariDataSource       : HikariPool-1 - Shutdown completed.
2024-12-06T16:42:59.581-05:00  INFO 16765 --- [Synergy-Back-End] [Test worker] e.k.appdomain.FinanceApplicationTests    : Starting FinanceApplicationTests using Java 21.0.5 with PID 16765 (started by adamgreene in /Users/adamgreene/IdeaProjects/Synergy-Accounting-Back)
2024-12-06T16:42:59.588-05:00  INFO 16765 --- [Synergy-Back-End] [Test worker] e.k.appdomain.FinanceApplicationTests    : No active profile set, falling back to 1 default profile: "default"
2024-12-06T16:42:59.655-05:00 DEBUG 16765 --- [Synergy-Back-End] [Test worker] o.s.w.c.s.GenericWebApplicationContext   : Refreshing org.springframework.web.context.support.GenericWebApplicationContext@6f952d6c
2024-12-06T16:43:00.972-05:00  INFO 16765 --- [Synergy-Back-End] [Test worker] .s.d.r.c.RepositoryConfigurationDelegate : Bootstrapping Spring Data JPA repositories in DEFAULT mode.
2024-12-06T16:43:01.115-05:00  INFO 16765 --- [Synergy-Back-End] [Test worker] .s.d.r.c.RepositoryConfigurationDelegate : Finished Spring Data repository scanning in 130 ms. Found 14 JPA repository interfaces.
2024-12-06T16:43:01.804-05:00  INFO 16765 --- [Synergy-Back-End] [Test worker] o.hibernate.jpa.internal.util.LogHelper  : HHH000204: Processing PersistenceUnitInfo [name: default]
2024-12-06T16:43:01.872-05:00  INFO 16765 --- [Synergy-Back-End] [Test worker] org.hibernate.Version                    : HHH000412: Hibernate ORM core version 6.5.2.Final
2024-12-06T16:43:01.912-05:00  INFO 16765 --- [Synergy-Back-End] [Test worker] o.h.c.internal.RegionFactoryInitiator    : HHH000026: Second-level cache disabled
2024-12-06T16:43:02.319-05:00  INFO 16765 --- [Synergy-Back-End] [Test worker] o.s.o.j.p.SpringPersistenceUnitInfo      : No LoadTimeWeaver setup: ignoring JPA class transformer
2024-12-06T16:43:02.350-05:00  INFO 16765 --- [Synergy-Back-End] [Test worker] com.zaxxer.hikari.HikariDataSource       : HikariPool-1 - Starting...
2024-12-06T16:43:03.159-05:00  INFO 16765 --- [Synergy-Back-End] [Test worker] com.zaxxer.hikari.pool.HikariPool        : HikariPool-1 - Added connection com.mysql.cj.jdbc.ConnectionImpl@299cab08
2024-12-06T16:43:03.165-05:00  INFO 16765 --- [Synergy-Back-End] [Test worker] com.zaxxer.hikari.HikariDataSource       : HikariPool-1 - Start completed.
2024-12-06T16:43:03.259-05:00  WARN 16765 --- [Synergy-Back-End] [Test worker] org.hibernate.orm.deprecation            : HHH90000025: MySQL8Dialect does not need to be specified explicitly using 'hibernate.dialect' (remove the property setting and it will be selected by default)
2024-12-06T16:43:03.261-05:00  WARN 16765 --- [Synergy-Back-End] [Test worker] org.hibernate.orm.deprecation            : HHH90000026: MySQL8Dialect has been deprecated; use org.hibernate.dialect.MySQLDialect instead
2024-12-06T16:43:05.101-05:00  INFO 16765 --- [Synergy-Back-End] [Test worker] o.h.e.t.j.p.i.JtaPlatformInitiator       : HHH000489: No JTA platform available (set 'hibernate.transaction.jta.platform' to enable JTA platform integration)
2024-12-06T16:43:05.106-05:00  INFO 16765 --- [Synergy-Back-End] [Test worker] j.LocalContainerEntityManagerFactoryBean : Initialized JPA EntityManagerFactory for persistence unit 'default'
2024-12-06T16:43:05.540-05:00  INFO 16765 --- [Synergy-Back-End] [Test worker] o.s.d.j.r.query.QueryEnhancerFactory     : Hibernate is in classpath; If applicable, HQL parser will be used.
2024-12-06T16:43:06.806-05:00  INFO 16765 --- [Synergy-Back-End] [Test worker] r$InitializeUserDetailsManagerConfigurer : Global AuthenticationManager configured with UserDetailsService bean with name synergyUserDetailsService
2024-12-06T16:43:06.895-05:00  WARN 16765 --- [Synergy-Back-End] [Test worker] JpaBaseConfiguration$JpaWebConfiguration : spring.jpa.open-in-view is enabled by default. Therefore, database queries may be performed during view rendering. Explicitly configure spring.jpa.open-in-view to disable this warning
2024-12-06T16:43:07.131-05:00 DEBUG 16765 --- [Synergy-Back-End] [Test worker] s.w.s.m.m.a.RequestMappingHandlerMapping : 63 mappings in 'requestMappingHandlerMapping'
2024-12-06T16:43:07.293-05:00 DEBUG 16765 --- [Synergy-Back-End] [Test worker] o.s.w.s.handler.SimpleUrlHandlerMapping  : Patterns [/webjars/**, /**] in 'resourceHandlerMapping'
2024-12-06T16:43:07.369-05:00 DEBUG 16765 --- [Synergy-Back-End] [Test worker] o.s.s.web.DefaultSecurityFilterChain     : Will secure any request with filters: DisableEncodeUrlFilter, WebAsyncManagerIntegrationFilter, SecurityContextHolderFilter, HeaderWriterFilter, CsrfFilter, LogoutFilter, SessionDebugFilter, RequestCacheAwareFilter, SecurityContextHolderAwareRequestFilter, AnonymousAuthenticationFilter, SessionManagementFilter, ExceptionTranslationFilter, AuthorizationFilter
2024-12-06T16:43:07.626-05:00 DEBUG 16765 --- [Synergy-Back-End] [Test worker] s.w.s.m.m.a.RequestMappingHandlerAdapter : ControllerAdvice beans: 0 @ModelAttribute, 0 @InitBinder, 1 RequestBodyAdvice, 1 ResponseBodyAdvice
2024-12-06T16:43:07.673-05:00 DEBUG 16765 --- [Synergy-Back-End] [Test worker] .m.m.a.ExceptionHandlerExceptionResolver : ControllerAdvice beans: 0 @ExceptionHandler, 1 ResponseBodyAdvice
2024-12-06T16:43:07.911-05:00  INFO 16765 --- [Synergy-Back-End] [Test worker] e.k.appdomain.FinanceApplicationTests    : Started FinanceApplicationTests in 8.835 seconds (process running for 13.046)
2024-12-06T16:43:08.675-05:00 DEBUG 16765 --- [Synergy-Back-End] [SpringApplicationShutdownHook] o.s.w.c.s.GenericWebApplicationContext   : Closing org.springframework.web.context.support.GenericWebApplicationContext@6f952d6c, started on Fri Dec 06 16:42:59 EST 2024
2024-12-06T16:43:08.683-05:00  INFO 16765 --- [Synergy-Back-End] [SpringApplicationShutdownHook] j.LocalContainerEntityManagerFactoryBean : Closing JPA EntityManagerFactory for persistence unit 'default'
2024-12-06T16:43:08.686-05:00  INFO 16765 --- [Synergy-Back-End] [SpringApplicationShutdownHook] com.zaxxer.hikari.HikariDataSource       : HikariPool-1 - Shutdown initiated...
2024-12-06T16:43:08.695-05:00  INFO 16765 --- [Synergy-Back-End] [SpringApplicationShutdownHook] com.zaxxer.hikari.HikariDataSource       : HikariPool-1 - Shutdown completed.
